<?xml version="1.0" encoding="UTF-8"?>
<!-- Generated by org.testng.reporters.JUnitReportReporter -->
<testsuite skipped="0" hostname="DESKTOP-RJAFHP1" name="projectSet1.TestKA03" tests="1" failures="0" timestamp="09 Nov 2020 05:40:47 GMT" time="85.030" errors="0">
  <testcase name="invalidLogin" time="85.030" classname="projectSet1.TestKA03"/>
</testsuite> <!-- projectSet1.TestKA03 -->
