<?xml version="1.0" encoding="UTF-8"?>
<!-- Generated by org.testng.reporters.JUnitReportReporter -->
<testsuite skipped="0" hostname="DESKTOP-RJAFHP1" name="projectSet1.TestKA003" tests="1" failures="0" timestamp="09 Nov 2020 06:47:08 GMT" time="37.541" errors="0">
  <testcase name="invalidLogin" time="37.541" classname="projectSet1.TestKA003"/>
</testsuite> <!-- projectSet1.TestKA003 -->
