<?xml version="1.0" encoding="UTF-8"?>
<!-- Generated by org.testng.reporters.JUnitReportReporter -->
<testsuite skipped="0" hostname="DESKTOP-RJAFHP1" name="projectSet2.TestMultipleLoginUsingFacebbokKA003" tests="1" failures="0" timestamp="19 Nov 2020 18:50:47 GMT" time="118.737" errors="0">
  <testcase name="testLogin" time="118.737" classname="projectSet2.TestMultipleLoginUsingFacebbokKA003"/>
</testsuite> <!-- projectSet2.TestMultipleLoginUsingFacebbokKA003 -->
