<?xml version="1.0" encoding="UTF-8"?>
<!-- Generated by org.testng.reporters.JUnitReportReporter -->
<testsuite skipped="0" hostname="DESKTOP-RJAFHP1" name="projectSet1.NewTest" tests="1" failures="0" timestamp="05 Nov 2020 05:36:52 GMT" time="38.603" errors="0">
  <testcase name="f" time="38.603" classname="projectSet1.NewTest"/>
</testsuite> <!-- projectSet1.NewTest -->
